<?xml version="1.0" encoding="UTF-8"?>
<!-- Generated by org.testng.reporters.JUnitReportReporter -->
<testsuite hostname="DESKTOP-0DMJR46" failures="0" tests="1" name="com.opencart.tests.UserJourneyTest" time="11.011" errors="0" timestamp="2025-05-12T14:18:04 EEST" skipped="0">
  <testcase classname="com.opencart.tests.UserJourneyTest" name="userFullJourneyTest" time="11.011"/>
</testsuite> <!-- com.opencart.tests.UserJourneyTest -->
