<?xml version="1.0" encoding="UTF-8"?>
<!-- Generated by org.testng.reporters.JUnitReportReporter -->
<testsuite hostname="DESKTOP-0DMJR46" failures="0" tests="1" name="com.opencart.tests.AddToCartTest" time="4.192" errors="0" timestamp="2025-05-12T14:18:04 EEST" skipped="0">
  <testcase classname="com.opencart.tests.AddToCartTest" name="testAddProductToCart" time="4.192"/>
</testsuite> <!-- com.opencart.tests.AddToCartTest -->
