<?xml version="1.0" encoding="UTF-8"?>
<!-- Generated by org.testng.reporters.JUnitReportReporter -->
<testsuite hostname="DESKTOP-0DMJR46" failures="0" tests="1" name="com.opencart.tests.LoginTest" time="6.177" errors="0" timestamp="2025-04-03T15:16:11 EET" skipped="0">
  <testcase classname="com.opencart.tests.LoginTest" name="testLogin" time="6.177"/>
</testsuite> <!-- com.opencart.tests.LoginTest -->
