<?xml version="1.0" encoding="UTF-8"?>
<!-- Generated by org.testng.reporters.JUnitReportReporter -->
<testsuite hostname="DESKTOP-0DMJR46" failures="0" tests="1" name="RegisterTest" time="4.365" errors="0" timestamp="2025-04-03T15:16:12 EET" skipped="0">
  <testcase classname="RegisterTest" name="testRegister" time="4.365"/>
</testsuite> <!-- RegisterTest -->
